2026/07/09 22:27:58 INFO session auto-restarted id=6 name="Grid Paper ETH/USDT 08 Jul 2026"
2026/07/09 22:27:58 INFO session auto-restarted id=7 name="Grid Paper BNB/USDT 08 Jul 2026"
2026/07/09 22:27:58 INFO session auto-restarted id=12 name="Trend Paper BTC/USDT 08 Jul 2026"
2026/07/09 22:27:58 INFO session auto-restarted id=13 name="Grid Paper SOL/USDT 08 Jul 2026"
2026/07/09 22:27:58 INFO session auto-restarted id=15 name="DCA Paper DOGE/USDT 08 Jul 2026"
2026/07/09 22:27:58 INFO session auto-restarted id=5 name="Grid Paper DOGE/USDT 07 Jul 2026"
2026/07/09 22:27:58 INFO session auto-restarted id=11 name="Trend Paper DOGE/USDT 08 Jul 2026"
2026/07/09 22:27:58 INFO session auto-restarted id=14 name="DCA Paper BTC/USDT 08 Jul 2026"
2026/07/09 22:27:58 WARN idr tickers fetch failed error="ticker/24hr returned no rows (likely rate-limited): {\"code\":3701,\"msg\":\"Invalid API-key, IP, or permissions for action.\",\"timestamp\":1783610878781}"
2026/07/09 22:27:59 INFO ticker ws connected
2026/07/09 22:28:28 INFO grid pre-marked levels from orders session=5 orders=4
2026/07/09 22:28:28 INFO grid pre-marked levels from orders session=13 orders=1
2026/07/09 22:28:28 INFO grid pre-marked levels from orders session=6 orders=5
2026/07/09 22:28:28 INFO grid pre-marked levels from orders session=7 orders=3
2026/07/09 22:28:28 INFO trend: recovered cross state session=11 lastCross=""
2026/07/09 22:28:28 INFO trend: evaluate session=11 currFast=0.07 currSlow=0.07 golden=false death=false lastCross=""
2026/07/09 22:28:28 INFO trend: recovered cross state session=12 lastCross=""
2026/07/09 22:28:28 INFO trend: evaluate session=12 currFast=62545.95 currSlow=62724.67 golden=false death=false lastCross=""
2026/07/09 22:28:58 INFO trend: evaluate session=11 currFast=0.07 currSlow=0.07 golden=false death=false lastCross=""
2026/07/09 22:28:58 INFO trend: evaluate session=12 currFast=62538.47 currSlow=62721.68 golden=false death=false lastCross=""
2026/07/09 22:29:28 INFO trend: evaluate session=11 currFast=0.07 currSlow=0.07 golden=false death=false lastCross=""
2026/07/09 22:29:28 INFO trend: evaluate session=12 currFast=62540.24 currSlow=62722.39 golden=false death=false lastCross=""
