2026/07/09 22:33:57 INFO DEBUG apiKeyLen=64
2026/07/09 22:33:57 INFO session auto-restarted id=12 name="Trend Paper BTC/USDT 08 Jul 2026"
2026/07/09 22:33:57 INFO session auto-restarted id=11 name="Trend Paper DOGE/USDT 08 Jul 2026"
2026/07/09 22:33:57 INFO session auto-restarted id=7 name="Grid Paper BNB/USDT 08 Jul 2026"
2026/07/09 22:33:57 INFO session auto-restarted id=5 name="Grid Paper DOGE/USDT 07 Jul 2026"
2026/07/09 22:33:57 INFO session auto-restarted id=13 name="Grid Paper SOL/USDT 08 Jul 2026"
2026/07/09 22:33:57 INFO session auto-restarted id=15 name="DCA Paper DOGE/USDT 08 Jul 2026"
2026/07/09 22:33:57 INFO session auto-restarted id=14 name="DCA Paper BTC/USDT 08 Jul 2026"
2026/07/09 22:33:57 INFO session auto-restarted id=6 name="Grid Paper ETH/USDT 08 Jul 2026"
2026/07/09 22:33:57 WARN idr tickers fetch failed error="ticker/24hr returned no rows (likely rate-limited): {\"code\":3701,\"msg\":\"Invalid API-key, IP, or permissions for action.\",\"timestamp\":1783611237513}"
2026/07/09 22:33:57 INFO ticker ws connected
2026/07/09 22:34:27 INFO grid pre-marked levels from orders session=6 orders=5
2026/07/09 22:34:27 INFO grid pre-marked levels from orders session=7 orders=3
2026/07/09 22:34:27 INFO grid pre-marked levels from orders session=5 orders=4
2026/07/09 22:34:27 INFO grid pre-marked levels from orders session=13 orders=1
2026/07/09 22:34:27 INFO trend: recovered cross state session=12 lastCross=""
2026/07/09 22:34:27 INFO trend: evaluate session=12 currFast=62541.77 currSlow=62723.00 golden=false death=false lastCross=""
2026/07/09 22:34:27 INFO trend: recovered cross state session=11 lastCross=""
2026/07/09 22:34:27 INFO trend: evaluate session=11 currFast=0.07 currSlow=0.07 golden=true death=false lastCross=""
2026/07/09 22:34:27 INFO trend: golden cross signal session=11 price=0.07273
2026/07/09 22:34:57 INFO trend: evaluate session=12 currFast=62539.43 currSlow=62722.06 golden=false death=false lastCross=""
2026/07/09 22:34:57 INFO trend: evaluate session=11 currFast=0.07 currSlow=0.07 golden=true death=false lastCross=golden
2026/07/09 22:35:27 INFO trend: evaluate session=11 currFast=0.07 currSlow=0.07 golden=true death=false lastCross=golden
2026/07/09 22:35:27 INFO trend: evaluate session=12 currFast=62538.02 currSlow=62721.50 golden=false death=false lastCross=""
2026/07/09 22:35:57 INFO trend: evaluate session=12 currFast=62536.67 currSlow=62720.96 golden=false death=false lastCross=""
2026/07/09 22:35:57 INFO trend: evaluate session=11 currFast=0.07 currSlow=0.07 golden=false death=false lastCross=golden
2026/07/09 22:35:57 WARN idr tickers fetch failed error="ticker/24hr returned no rows (likely rate-limited): {\"code\":3701,\"msg\":\"Invalid API-key, IP, or permissions for action.\",\"timestamp\":1783611357616}"
2026/07/09 22:36:28 INFO trend: evaluate session=11 currFast=0.07 currSlow=0.07 golden=true death=false lastCross=golden
2026/07/09 22:36:28 INFO trend: evaluate session=12 currFast=62538.13 currSlow=62721.54 golden=false death=false lastCross=""
2026/07/09 22:36:57 INFO trend: evaluate session=11 currFast=0.07 currSlow=0.07 golden=true death=false lastCross=golden
2026/07/09 22:36:57 INFO trend: evaluate session=12 currFast=62537.37 currSlow=62721.24 golden=false death=false lastCross=""
exit status 0xffffffff
